#
# A fatal error has been detected by the Java Runtime Environment:
#
#  EXCEPTION_ACCESS_VIOLATION (0xc0000005) at pc=0x00007ffe003fa388, pid=11356, tid=0x00000000000045a4
#
# JRE version: Java(TM) SE Runtime Environment (8.0_171-b11) (build 1.8.0_171-b11)
# Java VM: Java HotSpot(TM) 64-Bit Server VM (25.171-b11 mixed mode windows-amd64 compressed oops)
# Problematic frame:
# C  [KERNELBASE.dll+0x3a388]
#
# Failed to write core dump. Minidumps are not enabled by default on client versions of Windows
#
# If you would like to submit a bug report, please visit:
#   http://bugreport.java.com/bugreport/crash.jsp
# The crash happened outside the Java Virtual Machine in native code.
# See problematic frame for where to report the bug.
#

---------------  T H R E A D  ---------------

Current thread (0x000000002aea0000):  JavaThread "Thread-4" [_thread_in_native, id=17828, stack(0x00000000345a0000,0x00000000346a0000)]

siginfo: ExceptionCode=0xc0000005, reading address 0x000000002e939e00

Registers:
RAX=0x07358a052fcfe648, RBX=0x000000003469d2e0, RCX=0x14fdbd269e7d340b, RDX=0x2e9aa45fddd5d683
RSP=0x000000003469ad00, RBP=0x000000003469b3a0, RSI=0x0000000000000000, RDI=0x000000003469bb00
R8 =0x16cd591647f14150, R9 =0xbec578cd59ec5d58, R10=0x224781646e17b45e, R11=0xce298e0447f14110
R12=0x000000003469c118, R13=0x00007ffdc5c39a38, R14=0x000000003469ae48, R15=0x0000000000000000
RIP=0x00007ffe003fa388, EFLAGS=0x0000000000000202

Top of Stack: (sp=0x000000003469ad00)
0x000000003469ad00:   f067c11d253afae0 000000003469d2e0
0x000000003469ad10:   0000000000000000 000000003469bb00
0x000000003469ad20:   00000000c0000005 0000000000000000
0x000000003469ad30:   00007ffe003fa388 0000000000000002
0x000000003469ad40:   0000000000000000 000000002e939e00
0x000000003469ad50:   000000000000000f 000000003469b3a0
0x000000003469ad60:   00000f9174ebcd50 000000003469bb00
0x000000003469ad70:   0000000000000000 00007ffde77246a4
0x000000003469ad80:   0000000000000000 000000003469d2e0
0x000000003469ad90:   0000000000000000 0000000000000000
0x000000003469ada0:   000000003469bb00 00007ffde77246c1
0x000000003469adb0:   000000003469d2e0 0000000000000000
0x000000003469adc0:   0000ab8fdd9f1f46 5deecec0347d8300
0x000000003469add0:   000000003469d2e0 00007ffde7722a10
0x000000003469ade0:   00007ffdc5c042bc 000000003469c118
0x000000003469adf0:   0000000000000100 318fe4fb32935100 

Instructions: (pc=0x00007ffe003fa388)
0x00007ffe003fa368:   49 8b d1 44 0f 47 c0 44 89 44 24 38 49 c1 e0 03
0x00007ffe003fa378:   e8 4a 46 04 00 48 8d 4c 24 20 ff 15 d0 82 14 00
0x00007ffe003fa388:   48 8b 8c 24 c0 00 00 00 48 33 cc e8 b8 05 04 00
0x00007ffe003fa398:   48 81 c4 d8 00 00 00 c3 83 64 24 38 00 eb d6 cc 


Register to memory mapping:

RAX=0x07358a052fcfe648 is an unknown value
RBX=0x000000003469d2e0 is pointing into the stack for thread: 0x000000002aea0000
RCX=0x14fdbd269e7d340b is an unknown value
RDX=0x2e9aa45fddd5d683 is an unknown value
RSP=0x000000003469ad00 is pointing into the stack for thread: 0x000000002aea0000
RBP=0x000000003469b3a0 is pointing into the stack for thread: 0x000000002aea0000
RSI=0x0000000000000000 is an unknown value
RDI=0x000000003469bb00 is pointing into the stack for thread: 0x000000002aea0000
R8 =0x16cd591647f14150 is an unknown value
R9 =0xbec578cd59ec5d58 is an unknown value
R10=0x224781646e17b45e is an unknown value
R11=0xce298e0447f14110 is an unknown value
R12=0x000000003469c118 is pointing into the stack for thread: 0x000000002aea0000
R13=0x00007ffdc5c39a38 is an unknown value
R14=0x000000003469ae48 is pointing into the stack for thread: 0x000000002aea0000
R15=0x0000000000000000 is an unknown value


Stack: [0x00000000345a0000,0x00000000346a0000],  sp=0x000000003469ad00,  free space=1003k
Native frames: (J=compiled Java code, j=interpreted, Vv=VM code, C=native code)
C  [KERNELBASE.dll+0x3a388]
C  [vcruntime140.dll+0x2a10]
C  [ntdll.dll+0x9e2c3]
C  [opencv_core343.dll+0x1786e6]
C  [opencv_imgproc343.dll+0x17da2d]
C  [opencv_imgproc343.dll+0x19cbe3]
C  [opencv_imgproc343.dll+0x19b3cd]
C  [jniopencv_imgproc.dll+0x14fdf]
C  0x0000000002a58c67

Java frames: (J=compiled Java code, j=interpreted, Vv=VM code)
j  org.bytedeco.javacpp.opencv_imgproc.resize(Lorg/bytedeco/javacpp/opencv_core$Mat;Lorg/bytedeco/javacpp/opencv_core$Mat;Lorg/bytedeco/javacpp/opencv_core$Size;)V+0
J 2103% C1 org.deeplearning4j.training.convolution.objectdetection.VideoObjectDetection.lambda$main$0(Lorg/bytedeco/javacv/Frame;Lorg/bytedeco/javacv/OpenCVFrameConverter$ToMat;Lorg/datavec/image/loader/NativeImageLoader;Lorg/deeplearning4j/nn/graph/ComputationGraph;Lorg/nd4j/linalg/dataset/api/preprocessor/ImagePreProcessingScaler;Lorg/deeplearning4j/zoo/ZooModel;Lorg/deeplearning4j/zoo/util/darknet/VOCLabels;IILorg/bytedeco/javacv/CanvasFrame;)V (331 bytes) @ 0x00000000032e386c [0x00000000032e3320+0x54c]
j  org.deeplearning4j.training.convolution.objectdetection.VideoObjectDetection$$Lambda$16.run()V+40
j  java.lang.Thread.run()V+11
v  ~StubRoutines::call_stub

---------------  P R O C E S S  ---------------

Java Threads: ( => current thread )
=>0x000000002aea0000 JavaThread "Thread-4" [_thread_in_native, id=17828, stack(0x00000000345a0000,0x00000000346a0000)]
  0x000000002aea1800 JavaThread "Workspace deallocator thread" daemon [_thread_blocked, id=5520, stack(0x000000002f820000,0x000000002f920000)]
  0x000000002a43f000 JavaThread "AWT-EventQueue-0" [_thread_blocked, id=15580, stack(0x000000002d1d0000,0x000000002d2d0000)]
  0x000000002b002000 JavaThread "AWT-Windows" daemon [_thread_in_native, id=13124, stack(0x000000002cd00000,0x000000002ce00000)]
  0x000000002a4a0000 JavaThread "AWT-Shutdown" [_thread_blocked, id=16936, stack(0x000000002cc00000,0x000000002cd00000)]
  0x000000002a441000 JavaThread "Java2D Disposer" daemon [_thread_blocked, id=9828, stack(0x000000002c930000,0x000000002ca30000)]
  0x0000000029407000 JavaThread "JavaCPP Deallocator" daemon [_thread_blocked, id=16712, stack(0x000000002b110000,0x000000002b210000)]
  0x0000000028f1f800 JavaThread "Service Thread" daemon [_thread_blocked, id=10244, stack(0x0000000029e40000,0x0000000029f40000)]
  0x0000000028e74000 JavaThread "C1 CompilerThread3" daemon [_thread_blocked, id=5448, stack(0x0000000029d40000,0x0000000029e40000)]
  0x0000000028e72000 JavaThread "C2 CompilerThread2" daemon [_thread_blocked, id=1228, stack(0x0000000029c40000,0x0000000029d40000)]
  0x0000000028e71800 JavaThread "C2 CompilerThread1" daemon [_thread_blocked, id=7988, stack(0x0000000029b40000,0x0000000029c40000)]
  0x0000000028e6c800 JavaThread "C2 CompilerThread0" daemon [_thread_blocked, id=11004, stack(0x0000000029a40000,0x0000000029b40000)]
  0x0000000028d2b000 JavaThread "Monitor Ctrl-Break" daemon [_thread_in_native, id=11120, stack(0x0000000029940000,0x0000000029a40000)]
  0x00000000279ac800 JavaThread "Attach Listener" daemon [_thread_blocked, id=18044, stack(0x0000000028070000,0x0000000028170000)]
  0x0000000002a3e000 JavaThread "Signal Dispatcher" daemon [_thread_blocked, id=13504, stack(0x0000000027f70000,0x0000000028070000)]
  0x00000000279a1800 JavaThread "Finalizer" daemon [_thread_blocked, id=14776, stack(0x0000000027d80000,0x0000000027e80000)]
  0x0000000002a39000 JavaThread "Reference Handler" daemon [_thread_blocked, id=17296, stack(0x0000000027880000,0x0000000027980000)]
  0x0000000002943800 JavaThread "main" [_thread_blocked, id=12736, stack(0x00000000026b0000,0x00000000027b0000)]

Other Threads:
  0x0000000025a99000 VMThread [stack: 0x0000000027780000,0x0000000027880000] [id=15452]
  0x0000000028fd5800 WatcherThread [stack: 0x0000000029f40000,0x000000002a040000] [id=17080]

VM state:not at safepoint (normal execution)

VM Mutex/Monitor currently owned by a thread: None

Heap:
 PSYoungGen      total 207872K, used 177740K [0x0000000715c00000, 0x0000000723600000, 0x00000007c0000000)
  eden space 196608K, 88% used [0x0000000715c00000,0x00000007206234f0,0x0000000721c00000)
  from space 11264K, 31% used [0x0000000722b00000,0x0000000722e6fdf8,0x0000000723600000)
  to   space 13312K, 0% used [0x0000000721c00000,0x0000000721c00000,0x0000000722900000)
 ParOldGen       total 194560K, used 6651K [0x00000005c1400000, 0x00000005cd200000, 0x0000000715c00000)
  object space 194560K, 3% used [0x00000005c1400000,0x00000005c1a7eca0,0x00000005cd200000)
 Metaspace       used 30904K, capacity 31254K, committed 31488K, reserved 1077248K
  class space    used 4148K, capacity 4258K, committed 4352K, reserved 1048576K

Card table byte_map: [0x0000000011e00000,0x0000000012e00000] byte_map_base: 0x000000000eff6000

Marking Bits: (ParMarkBitMap*) 0x000000005b5b08c0
 Begin Bits: [0x00000000140b0000, 0x000000001c060000)
 End Bits:   [0x000000001c060000, 0x0000000024010000)

Polling page: 0x0000000000740000

CodeCache: size=245760Kb used=8822Kb max_used=8833Kb free=236937Kb
 bounds [0x0000000002a40000, 0x00000000032f0000, 0x0000000011a40000]
 total_blobs=2955 nmethods=2101 adapters=766
 compilation: enabled

Compilation events (10 events):
Event: 8.287 Thread 0x0000000028e71800 2102   !   4       java.io.PrintStream::newLine (73 bytes)
Event: 8.301 Thread 0x0000000028e71800 nmethod 2102 0x00000000032cf510 code [0x00000000032cf6e0, 0x00000000032d08e8]
Event: 8.303 Thread 0x0000000028e6c800 nmethod 2101 0x00000000032d9010 code [0x00000000032d91c0, 0x00000000032da158]
Event: 8.315 Thread 0x0000000028e72000 nmethod 2099 0x00000000032de650 code [0x00000000032de880, 0x00000000032e07a0]
Event: 8.576 Thread 0x0000000028e74000 2103 % !   3       org.deeplearning4j.training.convolution.objectdetection.VideoObjectDetection::lambda$main$0 @ 0 (331 bytes)
Event: 8.578 Thread 0x0000000028e74000 nmethod 2103% 0x00000000032e2e50 code [0x00000000032e3320, 0x00000000032e5678]
Event: 8.581 Thread 0x0000000028e74000 2104   !   3       org.deeplearning4j.training.convolution.objectdetection.VideoObjectDetection::lambda$main$0 (331 bytes)
Event: 8.583 Thread 0x0000000028e74000 nmethod 2104 0x00000000032e8190 code [0x00000000032e8660, 0x00000000032ea7b8]
Event: 8.585 Thread 0x0000000028e71800 2105       4       org.bytedeco.javacv.OpenCVFrameConverter::convertToMat (123 bytes)
Event: 8.585 Thread 0x0000000028e71800 nmethod 2105 0x00000000032d3750 code [0x00000000032d3880, 0x00000000032d3918]

GC Heap History (10 events):
Event: 3.202 GC heap before
{Heap before GC invocations=3 (full 0):
 PSYoungGen      total 153088K, used 142793K [0x0000000715c00000, 0x0000000720680000, 0x00000007c0000000)
  eden space 131584K, 100% used [0x0000000715c00000,0x000000071dc80000,0x000000071dc80000)
  from space 21504K, 52% used [0x000000071f180000,0x000000071fc72410,0x0000000720680000)
  to   space 21504K, 0% used [0x000000071dc80000,0x000000071dc80000,0x000000071f180000)
 ParOldGen       total 349696K, used 24K [0x00000005c1400000, 0x00000005d6980000, 0x0000000715c00000)
  object space 349696K, 0% used [0x00000005c1400000,0x00000005c1406000,0x00000005d6980000)
 Metaspace       used 20282K, capacity 20530K, committed 20608K, reserved 1067008K
  class space    used 3052K, capacity 3156K, committed 3200K, reserved 1048576K
Event: 3.206 GC heap after
Heap after GC invocations=3 (full 0):
 PSYoungGen      total 153088K, used 8148K [0x0000000715c00000, 0x0000000720680000, 0x00000007c0000000)
  eden space 131584K, 0% used [0x0000000715c00000,0x0000000715c00000,0x000000071dc80000)
  from space 21504K, 37% used [0x000000071dc80000,0x000000071e475208,0x000000071f180000)
  to   space 21504K, 0% used [0x000000071f180000,0x000000071f180000,0x0000000720680000)
 ParOldGen       total 349696K, used 32K [0x00000005c1400000, 0x00000005d6980000, 0x0000000715c00000)
  object space 349696K, 0% used [0x00000005c1400000,0x00000005c1408000,0x00000005d6980000)
 Metaspace       used 20282K, capacity 20530K, committed 20608K, reserved 1067008K
  class space    used 3052K, capacity 3156K, committed 3200K, reserved 1048576K
}
Event: 3.586 GC heap before
{Heap before GC invocations=4 (full 0):
 PSYoungGen      total 153088K, used 77760K [0x0000000715c00000, 0x0000000720680000, 0x00000007c0000000)
  eden space 131584K, 52% used [0x0000000715c00000,0x0000000719ffafe0,0x000000071dc80000)
  from space 21504K, 37% used [0x000000071dc80000,0x000000071e475208,0x000000071f180000)
  to   space 21504K, 0% used [0x000000071f180000,0x000000071f180000,0x0000000720680000)
 ParOldGen       total 349696K, used 32K [0x00000005c1400000, 0x00000005d6980000, 0x0000000715c00000)
  object space 349696K, 0% used [0x00000005c1400000,0x00000005c1408000,0x00000005d6980000)
 Metaspace       used 20857K, capacity 21106K, committed 21248K, reserved 1067008K
  class space    used 3098K, capacity 3220K, committed 3328K, reserved 1048576K
Event: 3.589 GC heap after
Heap after GC invocations=4 (full 0):
 PSYoungGen      total 153088K, used 6742K [0x0000000715c00000, 0x0000000720680000, 0x00000007c0000000)
  eden space 131584K, 0% used [0x0000000715c00000,0x0000000715c00000,0x000000071dc80000)
  from space 21504K, 31% used [0x000000071f180000,0x000000071f815a98,0x0000000720680000)
  to   space 21504K, 0% used [0x000000071dc80000,0x000000071dc80000,0x000000071f180000)
 ParOldGen       total 349696K, used 40K [0x00000005c1400000, 0x00000005d6980000, 0x0000000715c00000)
  object space 349696K, 0% used [0x00000005c1400000,0x00000005c140a000,0x00000005d6980000)
 Metaspace       used 20857K, capacity 21106K, committed 21248K, reserved 1067008K
  class space    used 3098K, capacity 3220K, committed 3328K, reserved 1048576K
}
Event: 3.589 GC heap before
{Heap before GC invocations=5 (full 1):
 PSYoungGen      total 153088K, used 6742K [0x0000000715c00000, 0x0000000720680000, 0x00000007c0000000)
  eden space 131584K, 0% used [0x0000000715c00000,0x0000000715c00000,0x000000071dc80000)
  from space 21504K, 31% used [0x000000071f180000,0x000000071f815a98,0x0000000720680000)
  to   space 21504K, 0% used [0x000000071dc80000,0x000000071dc80000,0x000000071f180000)
 ParOldGen       total 349696K, used 40K [0x00000005c1400000, 0x00000005d6980000, 0x0000000715c00000)
  object space 349696K, 0% used [0x00000005c1400000,0x00000005c140a000,0x00000005d6980000)
 Metaspace       used 20857K, capacity 21106K, committed 21248K, reserved 1067008K
  class space    used 3098K, capacity 3220K, committed 3328K, reserved 1048576K
Event: 3.610 GC heap after
Heap after GC invocations=5 (full 1):
 PSYoungGen      total 153088K, used 0K [0x0000000715c00000, 0x0000000720680000, 0x00000007c0000000)
  eden space 131584K, 0% used [0x0000000715c00000,0x0000000715c00000,0x000000071dc80000)
  from space 21504K, 0% used [0x000000071f180000,0x000000071f180000,0x0000000720680000)
  to   space 21504K, 0% used [0x000000071dc80000,0x000000071dc80000,0x000000071f180000)
 ParOldGen       total 194560K, used 6635K [0x00000005c1400000, 0x00000005cd200000, 0x0000000715c00000)
  object space 194560K, 3% used [0x00000005c1400000,0x00000005c1a7aca0,0x00000005cd200000)
 Metaspace       used 20857K, capacity 21106K, committed 21248K, reserved 1067008K
  class space    used 3098K, capacity 3220K, committed 3328K, reserved 1048576K
}
Event: 6.675 GC heap before
{Heap before GC invocations=6 (full 1):
 PSYoungGen      total 153088K, used 131584K [0x0000000715c00000, 0x0000000720680000, 0x00000007c0000000)
  eden space 131584K, 100% used [0x0000000715c00000,0x000000071dc80000,0x000000071dc80000)
  from space 21504K, 0% used [0x000000071f180000,0x000000071f180000,0x0000000720680000)
  to   space 21504K, 0% used [0x000000071dc80000,0x000000071dc80000,0x000000071f180000)
 ParOldGen       total 194560K, used 6635K [0x00000005c1400000, 0x00000005cd200000, 0x0000000715c00000)
  object space 194560K, 3% used [0x00000005c1400000,0x00000005c1a7aca0,0x00000005cd200000)
 Metaspace       used 26625K, capacity 26984K, committed 27136K, reserved 1073152K
  class space    used 3713K, capacity 3837K, committed 3840K, reserved 1048576K
Event: 6.678 GC heap after
Heap after GC invocations=6 (full 1):
 PSYoungGen      total 153088K, used 5600K [0x0000000715c00000, 0x0000000723780000, 0x00000007c0000000)
  eden space 131584K, 0% used [0x0000000715c00000,0x0000000715c00000,0x000000071dc80000)
  from space 21504K, 26% used [0x000000071dc80000,0x000000071e1f83f0,0x000000071f180000)
  to   space 12800K, 0% used [0x0000000722b00000,0x0000000722b00000,0x0000000723780000)
 ParOldGen       total 194560K, used 6643K [0x00000005c1400000, 0x00000005cd200000, 0x0000000715c00000)
  object space 194560K, 3% used [0x00000005c1400000,0x00000005c1a7cca0,0x00000005cd200000)
 Metaspace       used 26625K, capacity 26984K, committed 27136K, reserved 1073152K
  class space    used 3713K, capacity 3837K, committed 3840K, reserved 1048576K
}
Event: 7.415 GC heap before
{Heap before GC invocations=7 (full 1):
 PSYoungGen      total 153088K, used 137184K [0x0000000715c00000, 0x0000000723780000, 0x00000007c0000000)
  eden space 131584K, 100% used [0x0000000715c00000,0x000000071dc80000,0x000000071dc80000)
  from space 21504K, 26% used [0x000000071dc80000,0x000000071e1f83f0,0x000000071f180000)
  to   space 12800K, 0% used [0x0000000722b00000,0x0000000722b00000,0x0000000723780000)
 ParOldGen       total 194560K, used 6643K [0x00000005c1400000, 0x00000005cd200000, 0x0000000715c00000)
  object space 194560K, 3% used [0x00000005c1400000,0x00000005c1a7cca0,0x00000005cd200000)
 Metaspace       used 29490K, capacity 29878K, committed 30080K, reserved 1075200K
  class space    used 4038K, capacity 4162K, committed 4224K, reserved 1048576K
Event: 7.419 GC heap after
Heap after GC invocations=7 (full 1):
 PSYoungGen      total 207872K, used 3519K [0x0000000715c00000, 0x0000000723600000, 0x00000007c0000000)
  eden space 196608K, 0% used [0x0000000715c00000,0x0000000715c00000,0x0000000721c00000)
  from space 11264K, 31% used [0x0000000722b00000,0x0000000722e6fdf8,0x0000000723600000)
  to   space 13312K, 0% used [0x0000000721c00000,0x0000000721c00000,0x0000000722900000)
 ParOldGen       total 194560K, used 6651K [0x00000005c1400000, 0x00000005cd200000, 0x0000000715c00000)
  object space 194560K, 3% used [0x00000005c1400000,0x00000005c1a7eca0,0x00000005cd200000)
 Metaspace       used 29490K, capacity 29878K, committed 30080K, reserved 1075200K
  class space    used 4038K, capacity 4162K, committed 4224K, reserved 1048576K
}

Deoptimization events (10 events):
Event: 5.261 Thread 0x0000000002943800 Uncommon trap: reason=unstable_if action=reinterpret pc=0x0000000002fef1d8 method=org.nd4j.linalg.api.buffer.BaseDataBuffer.readContent(Ljava/io/DataInputStream;Lorg/nd4j/linalg/api/buffer/DataBuffer$Type;Lorg/nd4j/linalg/api/buffer/DataBuffer$Type;)V @ 6
Event: 6.096 Thread 0x0000000002943800 Uncommon trap: reason=class_check action=maybe_recompile pc=0x0000000002ffbe7c method=java.io.DataInputStream.readInt()I @ 4
Event: 6.096 Thread 0x0000000002943800 Uncommon trap: reason=class_check action=maybe_recompile pc=0x0000000002ffbe7c method=java.io.DataInputStream.readInt()I @ 4
Event: 6.279 Thread 0x0000000002943800 Uncommon trap: reason=range_check action=make_not_entrant pc=0x0000000002f836e8 method=sun.reflect.generics.parser.SignatureParser.current()C @ 34
Event: 6.359 Thread 0x0000000002943800 Uncommon trap: reason=unstable_if action=reinterpret pc=0x0000000002f2c344 method=java.util.concurrent.ConcurrentHashMap.putVal(Ljava/lang/Object;Ljava/lang/Object;Z)Ljava/lang/Object; @ 181
Event: 6.448 Thread 0x0000000002943800 Uncommon trap: reason=bimorphic action=maybe_recompile pc=0x0000000002da2418 method=java.util.HashMap.putVal(ILjava/lang/Object;Ljava/lang/Object;ZZ)Ljava/lang/Object; @ 203
Event: 6.516 Thread 0x0000000002943800 Uncommon trap: reason=class_check action=maybe_recompile pc=0x0000000002fc9558 method=java.util.AbstractList$Itr.hasNext()Z @ 8
Event: 6.963 Thread 0x0000000002943800 Uncommon trap: reason=bimorphic action=maybe_recompile pc=0x0000000002ff672c method=java.net.URL.<init>(Ljava/net/URL;Ljava/lang/String;Ljava/net/URLStreamHandler;)V @ 504
Event: 6.963 Thread 0x0000000002943800 Uncommon trap: reason=unstable_if action=reinterpret pc=0x0000000002f3ea80 method=java.net.URLStreamHandler.parseURL(Ljava/net/URL;Ljava/lang/String;II)V @ 167
Event: 8.701 Thread 0x000000002aea0000 Uncommon trap: reason=unstable_if action=reinterpret pc=0x00000000032d38dc method=org.bytedeco.javacv.OpenCVFrameConverter.convertToMat(Lorg/bytedeco/javacv/Frame;)Lorg/bytedeco/javacpp/opencv_core$Mat; @ 8

Classes redefined (0 events):
No events

Internal exceptions (10 events):
Event: 7.867 Thread 0x000000002aea0000 Exception <a 'sun/nio/fs/WindowsException'> (0x000000071eb0a990) thrown at [C:\re\workspace\8-2-build-windows-amd64-cygwin\jdk8u171\10807\hotspot\src\share\vm\prims\jni.cpp, line 709]
Event: 7.867 Thread 0x000000002aea0000 Exception <a 'sun/nio/fs/WindowsException'> (0x000000071eb0bc88) thrown at [C:\re\workspace\8-2-build-windows-amd64-cygwin\jdk8u171\10807\hotspot\src\share\vm\prims\jni.cpp, line 709]
Event: 7.867 Thread 0x000000002aea0000 Exception <a 'sun/nio/fs/WindowsException'> (0x000000071eb0cfd0) thrown at [C:\re\workspace\8-2-build-windows-amd64-cygwin\jdk8u171\10807\hotspot\src\share\vm\prims\jni.cpp, line 709]
Event: 7.867 Thread 0x000000002aea0000 Exception <a 'sun/nio/fs/WindowsException'> (0x000000071eb0e278) thrown at [C:\re\workspace\8-2-build-windows-amd64-cygwin\jdk8u171\10807\hotspot\src\share\vm\prims\jni.cpp, line 709]
Event: 7.868 Thread 0x000000002aea0000 Exception <a 'sun/nio/fs/WindowsException'> (0x000000071eb0f598) thrown at [C:\re\workspace\8-2-build-windows-amd64-cygwin\jdk8u171\10807\hotspot\src\share\vm\prims\jni.cpp, line 709]
Event: 7.868 Thread 0x000000002aea0000 Exception <a 'sun/nio/fs/WindowsException'> (0x000000071eb10890) thrown at [C:\re\workspace\8-2-build-windows-amd64-cygwin\jdk8u171\10807\hotspot\src\share\vm\prims\jni.cpp, line 709]
Event: 7.868 Thread 0x000000002aea0000 Exception <a 'sun/nio/fs/WindowsException'> (0x000000071eb11bb0) thrown at [C:\re\workspace\8-2-build-windows-amd64-cygwin\jdk8u171\10807\hotspot\src\share\vm\prims\jni.cpp, line 709]
Event: 7.868 Thread 0x000000002aea0000 Exception <a 'sun/nio/fs/WindowsException'> (0x000000071eb12d40) thrown at [C:\re\workspace\8-2-build-windows-amd64-cygwin\jdk8u171\10807\hotspot\src\share\vm\prims\jni.cpp, line 709]
Event: 7.868 Thread 0x000000002aea0000 Exception <a 'sun/nio/fs/WindowsException'> (0x000000071eb13e80) thrown at [C:\re\workspace\8-2-build-windows-amd64-cygwin\jdk8u171\10807\hotspot\src\share\vm\prims\jni.cpp, line 709]
Event: 7.868 Thread 0x000000002aea0000 Exception <a 'sun/nio/fs/WindowsException'> (0x000000071eb14fe8) thrown at [C:\re\workspace\8-2-build-windows-amd64-cygwin\jdk8u171\10807\hotspot\src\share\vm\prims\jni.cpp, line 709]

Events (10 events):
Event: 8.220 loading class com/google/common/primitives/Ints$IntConverter done
Event: 8.221 loading class com/google/common/primitives/Ints$IntArrayAsList
Event: 8.221 loading class com/google/common/primitives/Ints$IntArrayAsList done
Event: 8.223 loading class org/nd4j/linalg/api/ops/impl/transforms/OldSoftMax
Event: 8.223 loading class org/nd4j/linalg/api/ops/impl/transforms/OldSoftMax done
Event: 8.226 loading class org/nd4j/linalg/api/ops/impl/scalar/ScalarDivision
Event: 8.226 loading class org/nd4j/linalg/api/ops/impl/scalar/ScalarDivision done
Event: 8.701 Thread 0x000000002aea0000 Uncommon trap: trap_request=0xffffff65 fr.pc=0x00000000032d38dc
Event: 8.701 Thread 0x000000002aea0000 DEOPT PACKING pc=0x00000000032d38dc sp=0x000000003469ef70
Event: 8.701 Thread 0x000000002aea0000 DEOPT UNPACKING pc=0x0000000002a8583b sp=0x000000003469ef00 mode 2


Dynamic libraries:
0x00007ff7207e0000 - 0x00007ff720817000 	C:\Program Files\Java\jdk1.8.0_171\bin\java.exe
0x00007ffe03c00000 - 0x00007ffe03de1000 	C:\WINDOWS\SYSTEM32\ntdll.dll
0x00007ffe011e0000 - 0x00007ffe01292000 	C:\WINDOWS\System32\KERNEL32.DLL
0x00007ffe003c0000 - 0x00007ffe00633000 	C:\WINDOWS\System32\KERNELBASE.dll
0x00007ffe01ef0000 - 0x00007ffe01f91000 	C:\WINDOWS\System32\ADVAPI32.dll
0x00007ffe02090000 - 0x00007ffe0212e000 	C:\WINDOWS\System32\msvcrt.dll
0x00007ffe01350000 - 0x00007ffe013ab000 	C:\WINDOWS\System32\sechost.dll
0x00007ffe01d10000 - 0x00007ffe01e34000 	C:\WINDOWS\System32\RPCRT4.dll
0x00007ffe013b0000 - 0x00007ffe01540000 	C:\WINDOWS\System32\USER32.dll
0x00007ffe00f70000 - 0x00007ffe00f90000 	C:\WINDOWS\System32\win32u.dll
0x00007ffe01b70000 - 0x00007ffe01b98000 	C:\WINDOWS\System32\GDI32.dll
0x00007ffe00640000 - 0x00007ffe007d2000 	C:\WINDOWS\System32\gdi32full.dll
0x00007ffe00210000 - 0x00007ffe002af000 	C:\WINDOWS\System32\msvcp_win.dll
0x00007ffe00f90000 - 0x00007ffe0108a000 	C:\WINDOWS\System32\ucrtbase.dll
0x00007ffdf3d30000 - 0x00007ffdf3f99000 	C:\WINDOWS\WinSxS\amd64_microsoft.windows.common-controls_6595b64144ccf1df_6.0.17134.407_none_fb449d63306391e9\COMCTL32.dll
0x00007ffe022c0000 - 0x00007ffe025e2000 	C:\WINDOWS\System32\combase.dll
0x00007ffe007e0000 - 0x00007ffe0085a000 	C:\WINDOWS\System32\bcryptPrimitives.dll
0x00007ffe02290000 - 0x00007ffe022bd000 	C:\WINDOWS\System32\IMM32.DLL
0x000000005b630000 - 0x000000005b702000 	C:\Program Files\Java\jdk1.8.0_171\jre\bin\msvcr100.dll
0x000000005ad90000 - 0x000000005b630000 	C:\Program Files\Java\jdk1.8.0_171\jre\bin\server\jvm.dll
0x00007ffe02080000 - 0x00007ffe02088000 	C:\WINDOWS\System32\PSAPI.DLL
0x00007ffdefd80000 - 0x00007ffdefd89000 	C:\WINDOWS\SYSTEM32\WSOCK32.dll
0x00007ffdfb180000 - 0x00007ffdfb18a000 	C:\WINDOWS\SYSTEM32\VERSION.dll
0x00007ffdfdfb0000 - 0x00007ffdfdfd3000 	C:\WINDOWS\SYSTEM32\WINMM.dll
0x00007ffe01bb0000 - 0x00007ffe01c1c000 	C:\WINDOWS\System32\WS2_32.dll
0x00007ffdfdb60000 - 0x00007ffdfdb8a000 	C:\WINDOWS\SYSTEM32\WINMMBASE.dll
0x00007ffdfffd0000 - 0x00007ffe00019000 	C:\WINDOWS\System32\cfgmgr32.dll
0x000000005ad80000 - 0x000000005ad8f000 	C:\Program Files\Java\jdk1.8.0_171\jre\bin\verify.dll
0x000000005ad50000 - 0x000000005ad79000 	C:\Program Files\Java\jdk1.8.0_171\jre\bin\java.dll
0x000000005ad00000 - 0x000000005ad23000 	C:\Program Files\Java\jdk1.8.0_171\jre\bin\instrument.dll
0x000000005ad30000 - 0x000000005ad46000 	C:\Program Files\Java\jdk1.8.0_171\jre\bin\zip.dll
0x00007ffe025f0000 - 0x00007ffe03a2f000 	C:\WINDOWS\System32\SHELL32.dll
0x00007ffe01e40000 - 0x00007ffe01ee9000 	C:\WINDOWS\System32\shcore.dll
0x00007ffe00860000 - 0x00007ffe00f6d000 	C:\WINDOWS\System32\windows.storage.dll
0x00007ffe01180000 - 0x00007ffe011d1000 	C:\WINDOWS\System32\shlwapi.dll
0x00007ffdfff30000 - 0x00007ffdfff41000 	C:\WINDOWS\System32\kernel.appcore.dll
0x00007ffdfffa0000 - 0x00007ffdfffbf000 	C:\WINDOWS\System32\profapi.dll
0x00007ffdfff50000 - 0x00007ffdfff9c000 	C:\WINDOWS\System32\powrprof.dll
0x00007ffdfffc0000 - 0x00007ffdfffca000 	C:\WINDOWS\System32\FLTLIB.DLL
0x00007ffdf2a60000 - 0x00007ffdf2a7a000 	D:\ProgramFiles\IntelliJ IDEA Community Edition 2018.2.5\bin\breakgen64.dll
0x000000005ace0000 - 0x000000005acfa000 	C:\Program Files\Java\jdk1.8.0_171\jre\bin\net.dll
0x00007ffdff790000 - 0x00007ffdff7f6000 	C:\WINDOWS\system32\mswsock.dll
0x00007ffdce4f0000 - 0x00007ffdce5ab000 	C:\Users\Skymind\.javacpp\cache\ffmpeg-4.0.2-1.4.3-windows-x86_64.jar\org\bytedeco\javacpp\windows-x86_64\avutil-56.dll
0x00007ffdffa70000 - 0x00007ffdffa95000 	C:\WINDOWS\SYSTEM32\bcrypt.dll
0x000000005acc0000 - 0x000000005acd1000 	C:\Program Files\Java\jdk1.8.0_171\jre\bin\nio.dll
0x000000006fe00000 - 0x000000006fee7000 	C:\Users\Skymind\.javacpp\cache\ffmpeg-4.0.2-1.4.3-windows-x86_64.jar\org\bytedeco\javacpp\windows-x86_64\jniavutil.dll
0x00007ffdf2a30000 - 0x00007ffdf2a57000 	C:\Users\Skymind\.javacpp\cache\ffmpeg-4.0.2-1.4.3-windows-x86_64.jar\org\bytedeco\javacpp\windows-x86_64\swresample-3.dll
0x0000000070080000 - 0x00000000700ae000 	C:\Users\Skymind\.javacpp\cache\ffmpeg-4.0.2-1.4.3-windows-x86_64.jar\org\bytedeco\javacpp\windows-x86_64\jniswresample.dll
0x00007ffd94240000 - 0x00007ffd964c1000 	C:\Users\Skymind\.javacpp\cache\ffmpeg-4.0.2-1.4.3-windows-x86_64.jar\org\bytedeco\javacpp\windows-x86_64\avcodec-58.dll
0x00007ffe02130000 - 0x00007ffe02281000 	C:\WINDOWS\System32\ole32.dll
0x000000006a1c0000 - 0x000000006a424000 	C:\Users\Skymind\.javacpp\cache\ffmpeg-4.0.2-1.4.3-windows-x86_64.jar\org\bytedeco\javacpp\windows-x86_64\jniavcodec.dll
0x00007ffdc60b0000 - 0x00007ffdc6571000 	C:\Users\Skymind\.javacpp\cache\ffmpeg-4.0.2-1.4.3-windows-x86_64.jar\org\bytedeco\javacpp\windows-x86_64\avformat-58.dll
0x00007ffe00020000 - 0x00007ffe00202000 	C:\WINDOWS\System32\CRYPT32.dll
0x00007ffdfff10000 - 0x00007ffdfff22000 	C:\WINDOWS\System32\MSASN1.dll
0x000000006abc0000 - 0x000000006ad0a000 	C:\Users\Skymind\.javacpp\cache\ffmpeg-4.0.2-1.4.3-windows-x86_64.jar\org\bytedeco\javacpp\windows-x86_64\jniavformat.dll
0x00007ffddb0b0000 - 0x00007ffddb145000 	C:\Users\Skymind\.javacpp\cache\ffmpeg-4.0.2-1.4.3-windows-x86_64.jar\org\bytedeco\javacpp\windows-x86_64\swscale-5.dll
0x0000000067cc0000 - 0x0000000067cf6000 	C:\Users\Skymind\.javacpp\cache\ffmpeg-4.0.2-1.4.3-windows-x86_64.jar\org\bytedeco\javacpp\windows-x86_64\jniswscale.dll
0x00007ffdf2a00000 - 0x00007ffdf2a2a000 	C:\Users\Skymind\.javacpp\cache\ffmpeg-4.0.2-1.4.3-windows-x86_64.jar\org\bytedeco\javacpp\windows-x86_64\postproc-55.dll
0x000000006a0c0000 - 0x000000006a0ed000 	C:\Users\Skymind\.javacpp\cache\ffmpeg-4.0.2-1.4.3-windows-x86_64.jar\org\bytedeco\javacpp\windows-x86_64\jnipostproc.dll
0x00007ffdc5d20000 - 0x00007ffdc60a1000 	C:\Users\Skymind\.javacpp\cache\ffmpeg-4.0.2-1.4.3-windows-x86_64.jar\org\bytedeco\javacpp\windows-x86_64\avfilter-7.dll
0x0000000064400000 - 0x0000000064477000 	C:\Users\Skymind\.javacpp\cache\ffmpeg-4.0.2-1.4.3-windows-x86_64.jar\org\bytedeco\javacpp\windows-x86_64\jniavfilter.dll
0x00007ffde83a0000 - 0x00007ffde83cc000 	C:\Users\Skymind\.javacpp\cache\ffmpeg-4.0.2-1.4.3-windows-x86_64.jar\org\bytedeco\javacpp\windows-x86_64\avdevice-58.dll
0x00007ffe01c40000 - 0x00007ffe01d02000 	C:\WINDOWS\System32\OLEAUT32.dll
0x00007ffde7740000 - 0x00007ffde7758000 	C:\WINDOWS\SYSTEM32\AVICAP32.dll
0x00007ffde7640000 - 0x00007ffde7669000 	C:\WINDOWS\SYSTEM32\MSVFW32.dll
0x00000000027b0000 - 0x00000000027e9000 	C:\Users\Skymind\.javacpp\cache\ffmpeg-4.0.2-1.4.3-windows-x86_64.jar\org\bytedeco\javacpp\windows-x86_64\jniavdevice.dll
0x000000005ab20000 - 0x000000005acb8000 	C:\Program Files\Java\jdk1.8.0_171\jre\bin\awt.dll
0x00007ffdfe230000 - 0x00007ffdfe2bb000 	C:\WINDOWS\SYSTEM32\apphelp.dll
0x00007ffdfe5c0000 - 0x00007ffdfe5e9000 	C:\WINDOWS\system32\DWMAPI.DLL
0x00007ffdfe370000 - 0x00007ffdfe408000 	C:\WINDOWS\system32\uxtheme.dll
0x00007ffddec60000 - 0x00007ffdded80000 	C:\WINDOWS\system32\opengl32.dll
0x00007ffddebf0000 - 0x00007ffddec1c000 	C:\WINDOWS\SYSTEM32\GLU32.dll
0x00007ffe019f0000 - 0x00007ffe01b63000 	C:\WINDOWS\System32\MSCTF.dll
0x00007ffdca2a0000 - 0x00007ffdca351000 	C:\Program Files\Nahimic\Nahimic2\UserInterface\x64\Nahimic2DevProps.dll
0x00007ffdb99c0000 - 0x00007ffdb9a23000 	C:\Program Files\Nahimic\Nahimic2\UserInterface\x64\Nahimic2OSD.dll
0x00007ffe012b0000 - 0x00007ffe01350000 	C:\WINDOWS\System32\clbcatq.dll
0x00007ffdf8580000 - 0x00007ffdf85f6000 	C:\WINDOWS\System32\MMDevApi.dll
0x00007ffdffd20000 - 0x00007ffdffd47000 	C:\WINDOWS\System32\DEVOBJ.dll
0x00007ffdfc780000 - 0x00007ffdfc934000 	C:\WINDOWS\System32\PROPSYS.dll
0x00007ffddcad0000 - 0x00007ffddcbfc000 	C:\WINDOWS\SYSTEM32\AUDIOSES.DLL
0x00007ffdfb4d0000 - 0x00007ffdfb61d000 	C:\WINDOWS\SYSTEM32\wintypes.dll
0x00007ffdfbdb0000 - 0x00007ffdfbdba000 	C:\WINDOWS\SYSTEM32\AVRT.dll
0x000000005aad0000 - 0x000000005ab17000 	C:\Program Files\Java\jdk1.8.0_171\jre\bin\fontmanager.dll
0x00007ffdf21e0000 - 0x00007ffdf2276000 	C:\WINDOWS\System32\TextInputFramework.dll
0x00007ffdfb690000 - 0x00007ffdfb9ae000 	C:\WINDOWS\System32\CoreUIComponents.dll
0x00007ffdfded0000 - 0x00007ffdfdfaa000 	C:\WINDOWS\System32\CoreMessaging.dll
0x00007ffdff000000 - 0x00007ffdff031000 	C:\WINDOWS\SYSTEM32\ntmarta.dll
0x0000000064940000 - 0x0000000064955000 	C:\Users\Skymind\.javacpp\cache\leptonica-1.76.0-1.4.3-windows-x86_64.jar\org\bytedeco\javacpp\windows-x86_64\libwinpthread-1.dll
0x0000000061440000 - 0x000000006145c000 	C:\Users\Skymind\.javacpp\cache\leptonica-1.76.0-1.4.3-windows-x86_64.jar\org\bytedeco\javacpp\windows-x86_64\libgcc_s_seh-1.dll
0x0000000063600000 - 0x000000006362f000 	C:\Users\Skymind\.javacpp\cache\leptonica-1.76.0-1.4.3-windows-x86_64.jar\org\bytedeco\javacpp\windows-x86_64\libgomp-1.dll
0x000000006fc40000 - 0x000000006fda6000 	C:\Users\Skymind\.javacpp\cache\leptonica-1.76.0-1.4.3-windows-x86_64.jar\org\bytedeco\javacpp\windows-x86_64\libstdc++-6.dll
0x00007ffdce300000 - 0x00007ffdce3ef000 	C:\Users\Skymind\.javacpp\cache\mkl-dnn-0.16-1.4.3-windows-x86_64.jar\org\bytedeco\javacpp\windows-x86_64\msvcr120.dll
0x00007ffdcbc50000 - 0x00007ffdcbe19000 	C:\Users\Skymind\.javacpp\cache\mkl-dnn-0.16-1.4.3-windows-x86_64.jar\org\bytedeco\javacpp\windows-x86_64\libiomp5md.dll
0x00007ffd8cce0000 - 0x00007ffd9423a000 	C:\Users\Skymind\.javacpp\cache\mkl-dnn-0.16-1.4.3-windows-x86_64.jar\org\bytedeco\javacpp\windows-x86_64\mklml.dll
0x0000000062100000 - 0x0000000062646000 	C:\Users\Skymind\.javacpp\cache\mkl-dnn-0.16-1.4.3-windows-x86_64.jar\org\bytedeco\javacpp\windows-x86_64\libmkldnn.dll
0x000000002fd20000 - 0x0000000030ef1000 	C:\Users\Skymind\.javacpp\cache\nd4j-native-1.0.0-beta3-windows-x86_64.jar\org\nd4j\nativeblas\windows-x86_64\libnd4jcpu.dll
0x0000000066880000 - 0x0000000066e14000 	C:\Users\Skymind\.javacpp\cache\nd4j-native-1.0.0-beta3-windows-x86_64.jar\org\nd4j\nativeblas\windows-x86_64\jnind4jcpu.dll
0x00007ffd85780000 - 0x00007ffd8ccda000 	C:\Users\Skymind\.javacpp\cache\mkl-dnn-0.16-1.4.3-windows-x86_64.jar\org\bytedeco\javacpp\windows-x86_64\libopenblas_nolapack.dll
0x0000000071000000 - 0x000000007105c000 	C:\Users\Skymind\.javacpp\cache\openblas-0.3.3-1.4.3-windows-x86_64.jar\org\bytedeco\javacpp\windows-x86_64\jniopenblas_nolapack.dll
0x00007ffdff940000 - 0x00007ffdff957000 	C:\WINDOWS\SYSTEM32\CRYPTSP.dll
0x00007ffdff370000 - 0x00007ffdff3a3000 	C:\WINDOWS\system32\rsaenh.dll
0x00007ffdffe40000 - 0x00007ffdffe68000 	C:\WINDOWS\SYSTEM32\USERENV.dll
0x00007ffdff960000 - 0x00007ffdff96b000 	C:\WINDOWS\SYSTEM32\CRYPTBASE.dll
0x00007ffdff510000 - 0x00007ffdff548000 	C:\WINDOWS\SYSTEM32\IPHLPAPI.DLL
0x00007ffe01ba0000 - 0x00007ffe01ba8000 	C:\WINDOWS\System32\NSI.dll
0x00007ffdfada0000 - 0x00007ffdfadb6000 	C:\WINDOWS\SYSTEM32\dhcpcsvc6.DLL
0x00007ffdfad70000 - 0x00007ffdfad8a000 	C:\WINDOWS\SYSTEM32\dhcpcsvc.DLL
0x0000000002820000 - 0x0000000002823000 	C:\Users\Skymind\.javacpp\cache\libfreenect2-0.2.0-1.4.3-windows-x86_64.jar\org\bytedeco\javacpp\windows-x86_64\api-ms-win-crt-locale-l1-1-0.dll
0x000000002c220000 - 0x000000002c224000 	C:\Users\Skymind\.javacpp\cache\libfreenect2-0.2.0-1.4.3-windows-x86_64.jar\org\bytedeco\javacpp\windows-x86_64\api-ms-win-crt-string-l1-1-0.dll
0x000000002c230000 - 0x000000002c234000 	C:\Users\Skymind\.javacpp\cache\libfreenect2-0.2.0-1.4.3-windows-x86_64.jar\org\bytedeco\javacpp\windows-x86_64\api-ms-win-crt-stdio-l1-1-0.dll
0x000000002c290000 - 0x000000002c295000 	C:\Users\Skymind\.javacpp\cache\libfreenect2-0.2.0-1.4.3-windows-x86_64.jar\org\bytedeco\javacpp\windows-x86_64\api-ms-win-crt-math-l1-1-0.dll
0x000000002c2a0000 - 0x000000002c2a3000 	C:\Users\Skymind\.javacpp\cache\libfreenect2-0.2.0-1.4.3-windows-x86_64.jar\org\bytedeco\javacpp\windows-x86_64\api-ms-win-crt-heap-l1-1-0.dll
0x000000002c2b0000 - 0x000000002c2b4000 	C:\Users\Skymind\.javacpp\cache\libfreenect2-0.2.0-1.4.3-windows-x86_64.jar\org\bytedeco\javacpp\windows-x86_64\api-ms-win-crt-runtime-l1-1-0.dll
0x000000002c310000 - 0x000000002c314000 	C:\Users\Skymind\.javacpp\cache\libfreenect2-0.2.0-1.4.3-windows-x86_64.jar\org\bytedeco\javacpp\windows-x86_64\api-ms-win-crt-convert-l1-1-0.dll
0x000000002c320000 - 0x000000002c323000 	C:\Users\Skymind\.javacpp\cache\libfreenect2-0.2.0-1.4.3-windows-x86_64.jar\org\bytedeco\javacpp\windows-x86_64\api-ms-win-crt-environment-l1-1-0.dll
0x000000002ca30000 - 0x000000002ca33000 	C:\Users\Skymind\.javacpp\cache\libfreenect2-0.2.0-1.4.3-windows-x86_64.jar\org\bytedeco\javacpp\windows-x86_64\api-ms-win-crt-time-l1-1-0.dll
0x000000002ca40000 - 0x000000002ca43000 	C:\Users\Skymind\.javacpp\cache\libfreenect2-0.2.0-1.4.3-windows-x86_64.jar\org\bytedeco\javacpp\windows-x86_64\api-ms-win-crt-filesystem-l1-1-0.dll
0x000000002ca50000 - 0x000000002ca53000 	C:\Users\Skymind\.javacpp\cache\libfreenect2-0.2.0-1.4.3-windows-x86_64.jar\org\bytedeco\javacpp\windows-x86_64\api-ms-win-crt-utility-l1-1-0.dll
0x000000002ca60000 - 0x000000002ca65000 	C:\Users\Skymind\.javacpp\cache\libfreenect2-0.2.0-1.4.3-windows-x86_64.jar\org\bytedeco\javacpp\windows-x86_64\api-ms-win-crt-multibyte-l1-1-0.dll
0x00007ffde7720000 - 0x00007ffde7737000 	C:\Users\Skymind\.javacpp\cache\libfreenect2-0.2.0-1.4.3-windows-x86_64.jar\org\bytedeco\javacpp\windows-x86_64\vcruntime140.dll
0x00007ffddaed0000 - 0x00007ffddaf6d000 	C:\Users\Skymind\.javacpp\cache\libfreenect2-0.2.0-1.4.3-windows-x86_64.jar\org\bytedeco\javacpp\windows-x86_64\msvcp140.dll
0x00007ffde6890000 - 0x00007ffde68e1000 	C:\Users\Skymind\.javacpp\cache\libfreenect2-0.2.0-1.4.3-windows-x86_64.jar\org\bytedeco\javacpp\windows-x86_64\concrt140.dll
0x00007ffde64c0000 - 0x00007ffde64ee000 	C:\Users\Skymind\.javacpp\cache\opencv-3.4.3-1.4.3-windows-x86_64.jar\org\bytedeco\javacpp\windows-x86_64\vcomp140.dll
0x00007ffdc5a10000 - 0x00007ffdc5d17000 	C:\Users\Skymind\.javacpp\cache\opencv-3.4.3-1.4.3-windows-x86_64.jar\org\bytedeco\javacpp\windows-x86_64\opencv_core343.dll
0x00007ffdc55f0000 - 0x00007ffdc5a0c000 	C:\Users\Skymind\.javacpp\cache\opencv-3.4.3-1.4.3-windows-x86_64.jar\org\bytedeco\javacpp\windows-x86_64\opencv_imgproc343.dll
0x00007ffdc5240000 - 0x00007ffdc55ea000 	C:\Users\Skymind\.javacpp\cache\opencv-3.4.3-1.4.3-windows-x86_64.jar\org\bytedeco\javacpp\windows-x86_64\jniopencv_core.dll
0x00007ffdce1a0000 - 0x00007ffdce2f8000 	C:\Users\Skymind\.javacpp\cache\opencv-3.4.3-1.4.3-windows-x86_64.jar\org\bytedeco\javacpp\windows-x86_64\jniopencv_imgproc.dll
0x00007ffdec250000 - 0x00007ffdec419000 	C:\WINDOWS\SYSTEM32\dbghelp.dll

VM Arguments:
jvm_args: -javaagent:D:\ProgramFiles\IntelliJ IDEA Community Edition 2018.2.5\lib\idea_rt.jar=55874:D:\ProgramFiles\IntelliJ IDEA Community Edition 2018.2.5\bin -Dfile.encoding=UTF-8 
java_command: org.deeplearning4j.training.convolution.objectdetection.VideoObjectDetection
java_class_path (initial): C:\Users\Skymind\AppData\Local\Temp\classpath1527573204.jar;D:\ProgramFiles\IntelliJ IDEA Community Edition 2018.2.5\lib\idea_rt.jar
Launcher Type: SUN_STANDARD

Environment Variables:
JAVA_HOME=C:\Program Files\Java\jdk1.8.0_171
USERNAME=Skymind
OS=Windows_NT
PROCESSOR_IDENTIFIER=Intel64 Family 6 Model 158 Stepping 9, GenuineIntel



---------------  S Y S T E M  ---------------

OS: Windows 10.0 , 64 bit Build 17134 (10.0.17134.1)

CPU:total 8 (initial active 8) (4 cores per cpu, 2 threads per core) family 6 model 158 stepping 9, cmov, cx8, fxsr, mmx, sse, sse2, sse3, ssse3, sse4.1, sse4.2, popcnt, avx, avx2, aes, clmul, erms, 3dnowpref, lzcnt, ht, tsc, tscinvbit, bmi1, bmi2, adx

Memory: 4k page, physical 33472184k(24052980k free), swap 38452920k(24700496k free)

vm_info: Java HotSpot(TM) 64-Bit Server VM (25.171-b11) for windows-amd64 JRE (1.8.0_171-b11), built on Mar 28 2018 16:06:12 by "java_re" with MS VC++ 10.0 (VS2010)

time: Sun Dec 09 01:36:25 2018
elapsed time: 8 seconds (0d 0h 0m 8s)

